1546446312749:help
1546446335384:show-books
1546446352770:show-books 1
1546446362268:quit
1546449314035:help
1546449330875:show-book
1546449341388:show-books
1546449620470:show-books 1
1546449640778:quit
1546450096360:help
1546450113591:books-with-genre -id 3
1546450142771:books-with-genre -id 2
1546450455233:books-with-genre
1546450476791:books-with-author
1546450517797:book-with-author 2 hhh
1546450531153:help
1546450572565:books-with-author 1
1546450595528:books-with-author hhhh
1546451040211:help
1546451065517:books-by-author-id -id 3
1546451092730:books-by-author-id
1546451106742:books-by-author-title vasya
1546452073159:books-by-author-id eee
1546452194162:books-by-author-id 111111111111
1546452307659:books-by-author-id q
1546452333591:books-bauthor-id 1
1546452353367:books-by-author-id 1
1546452862151:help
1546452925355:add-book My perfect book, 3, 4, 5, 6
1546453190746:help
1546453223144:add-book "My perfect book" 2 3 4 5 6 9
1546453248529:add-book "My perfect book" 2 3
1546453285427:add-book "My book" 3 1 2
1546453525693:help
1546453560544:add-book "My book" -gid 2 -aid 2 3
1546453609845:help add-book
1546453804760:add-book "My book" 2 -aid 2
1546454075071:add-book "My book" 3 4
1546454669263:help
1546454702099:update-book-genre -bid 1 -gid 2
1546455265312:help
1546455290119:add-author-to-book 1 4
1546455966460:help
1546455985956:del-author-from-book 1 1
1546456488334:help
1546456509766:find-book-by-title kuku
1546456539916:find-books-by-title "ku ku vasya"
1546457478568:help
1546457494158:show-authors
1546457508561:show-authors 2
1547041141237:help
1547041158889:show-books
1547041181024:exit
1547041343552:show-book
1547041351269:help
1547041361860:show-books
1547041569567:help
1547041621477:help add-book
1547041646284:show-genres
1547041654454:show-authors
1547041694101:add-book "12 СТУЛЬЕВ" 2 2
1547041723141:help
1547041744432:show-books
1547041772395:help add-author-to-book
1547041809902:add-author-to-book 3 1
1547041815947:help
1547041841628:find-book-by-title 12
1547041865873:find-books-by-title 12
1547041893913:del-author-from-book 3 1
1547041916017:add-author-to-book 3 3
1547041931795:help
1547041996748:books-by-author-title ильф
1547042017228:рудз
1547042020493:help
1547042063186:help books-with-genre
1547042097272:books-with-genre
1547042114892:books-with-genre 1
1547042454986:help
1547042477294:books-with-genre
1547042485198:books-with-genre 1
1547042490415:books-with-genre 2
1547042494696:books-with-genre 3
1547042511801:help
1547042526188:help add-author
1547042571615:add-author "КОРНЕЙ ЧУКОВСКИЙ"
1547042582644:show-authors
1547042600311:del-author 5
1547042607060:show-authors
1547124672344:show-books 1
1547124722551:find-books-by-name за
1547125962777:show-authors
1547125973055:del-author 2
1547126002751:find-books-by-author-id 2
1547126007047:help
1547126029339:books-by-author-id 2
1547126781996:del-genre 1
1547126805224:stacktrace
1547127144183:del-genre 1
1547199555312:help
1547199567903:show-books
1547199626030:find-books-by-name зо
1547201814315:help
1547201873614:help add-author
1547201906934:add-author "НИКОЛАЙ ГОГОЛЬ"
1547201953595:show-authors
1547201967982:show-authors 5
1547202022048:show-genres
1547202041106:help add-book
1547202062007:add-book "НОС" 2 5
1547202089657:help add-author-to-book
1547202117666:add-author-to-book 3 2
1547202151705:show-books
1547202159437:show-books 3
1547202165686:show-books 1
1547202214690:del-author-from-bookhelp
1547202218876:help del-author-from-book
1547202230967:del-author-from-book 3 2
1547202239153:show-books 3
1547202274707:add-author-to-book 3 2
1547202291094:books-by-author-id 2
1547202324711:books-by-author-name ьЯ
1547202338458:books-by-author-name НИКОЛАЙ
1547202576462:del-author-from-book 3 2
1547202589193:books-by-author-name НИКОЛАЙ
1547202622654:books-with-genre 2
1547202643259:books-with-genre 1
1547202646930:books-with-genre 4
1547202689513:find-books-by-name за
1547202694715:find-books-by-name н
1547202705869:find-books-by-name нО
1547202721365:find-books-by-name рр
1547202775212:add-genre HORROR
1547202797285:show-genres
1547202822060:update-book-genre 3 3
1547202827997:show-books 3
1547202859597:del-author 5
1547202924316:del-genre 3
1547203042242:find-authors-by-name НИ
1547203054957:find-authors-by-name гО
1547203059675:find-authors-by-name
1547203107539:show-books 3
1547203111866:del-book 3
1547203120629:show-books 3
1547203201892:update-genre 3 FICTION
1547203209499:show-genre 3
1547203215248:show-genres 3
1547203555537:show-genres 2
1547203563551:show-genres
1547203569971:show-authors
1547203613273:update-author 4 "НИКОЛАЙ ГОГОЛЬ"
1547203625833:show-author 4
1547205922838:show-authors 4
1547205959658:show-books 2
1547205980950:help
1547206008412:update-book-title 2 "12 СТУЛЬЕВ"
1547206017957:show-books 2
1547206054214:del-genre 2
1547206064899:del-author 2
1547206074178:del-book 2
1547206085410:del-genre 2
1547206093439:del-author 2
1547206099687:show-genres
1547206106170:show-authors
1548081782405:help
1548081802353:show-books
1548081979830:help
1548082214978:add-comment 2 "test:\n\n"
1548082321469:help add-author
1548082352321:add-author "Pushkin"
1548082364146:showauthors
1548082373831:show-authors
1548082563113:add-genre drama
1548082569159:show-genres
1548082593341:help add-book
1548082628660:add-book "Test book" 2 1
1548094548371:help
1548094582138:help add-author
1548094599691:add-author "Pushkin"
1548094631277:add-genre Fairy tails"\n"
1548094654966:add-genre "Fairy tails"
1548094664231:show-authors
1548094682528:show-genre
1548094693716:show-genres
1548094707481:help add-book
1548094748277:add-book "golden fish" 2 1
1548094760294:show-books
1548094769126:help
1548094784934:help add-comment
1548094798356:show-books
1548094822637:add-comment 3 "my favorite book"
1548094832762:show-comments
1548094842496:help
1548094863418:show-comment
1548094892451:show-comment 4
1548094907335:show-comment-by-book 3
1548094912340:help
1548094931827:show-comment-for-book 3
1548094976841:add-comment 3 "the best tail ever"
1548094993576:show-comment-for-book 3
1548095047544:add-book "captain's dauter" 2 1
1548095054482:show-books
1548095086699:add-comment 6 "interesting story"
1548095097294:show-comment
1548095149888:show-comment-for-book 6
1548095221278:show-comment-for-book 3
1548095248247:add-comment 9 "test"
1548095264012:del-comment 5
1548095271778:show-comment
1548321082744:help
1548321102051:show-books
1548321108581:show-books 1
1548321118328:help
1548321133293:help add-book
1548321155317:add-book "test" 1 1
1548336954492:show-books
1548336978388:show-authors
1548336989823:help
1548337004992:del-author 77
1548337030609:del-author 1
1548337254443:stacktrace
1548337519372:del-author 77
1548337527495:stacktrase
1548337533634:stacktrace
1548337545303:del-author 77
1548337558676:stacktrace
1548338347845:show-authors
1548338355999:del-author 77
1548338381493:stacktrace
1548338416531:del-author 1
1548338463173:stacktrace
1548338525501:show-books
1548338533775:del-book 2
1548338548925:show-books 2
1548338556064:show-books
1548338566359:del-genre 1
1548338692779:del-genre 77
1548338849526:del-genre 1
1548338891828:del-book 77
1548339140761:show-books
1548339164662:help
1548339465312:help add-author
1548339487182:add-author "A Puskin"
1548339588435:show-books
1548339748847:show-authors
1548339760469:add-author-to-book 4 7
1548339778637:add-author-to-book 4 1
1548339786401:add-author-to-book 4 5
1548339794368:show-books 4
1548340153358:update-author 77 "ttt"
1548340179102:update-author 5 "АЛЕКСАНДР СЕРГЕЕВИЧ ПУШКИН"
1548340221842:show-genres
1548340236135:add-genre "TEST"
1548340243352:show-genres 77
1548340250991:show-genres
1548340261659:update-genre 77 "ttt"
1548340291292:update-genre 3 "ДЕТЕКТИВ"
1548340297712:show-genres 3
1548340332187:del-genre 777
1548340344184:del genre 1
1548340352151:del-genre 1
1548340635374:del-genre 77
1548340647543:del-genre 1
1548340694405:show-genres
1548340736238:show-comment
1548340749220:show-comment 3
1548340808172:show-comment-for-book
1548340813952:show-comment-for-book 1
1548340838868:show-comment-for-book 2
1548340842711:show-comment-for-book 3
1548340877529:del-comment 77
1548340886339:del-comment 3
1548340913786:help add-comment
1548340925533:add-comment 77 "TEST"
1548340934266:show-books
1548340953636:add-comment 4 ""
1548340981235:add-comment 4 "ОЧЕНЬ СМЕШНО И ПОУЧИТЕЛЬНО"
1548341005902:show-comment-for-book 4
1548341050625:books-by-author-id 77
1548341053672:books-by-author-id 1
1548341058186:books-by-author-id 2
1548341061701:books-by-author-id 3
1548341075448:books-by-author-id 4
1548341093787:show-books
1548341112734:books-by-author-id 4
1548341147085:books-by-author-name чу
1548341153974:books-by-author-name ф
1548341164345:books-by-author-name ччч
1548341199821:books-with-genre 2
1548341204007:books-with-genre 1
1548341249284:del-author 4
1548341276684:del-author-from-book 77 4
1548341281058:del-author-from-book 1 77
1548341302209:show-books 1
1548341354726:del-author-from-book 1 4
1548341361881:show-books 1
1548341385859:del-author 4
1548341422675:books-by-author-id 4
1548341468149:del-book 77
1548341474491:del-book 3
1548341484473:show-books 3
1548341518113:find-authors-by-name "чуЭ\n"
1548341532000:find-authors-by-name "чу"
1548341542670:find-authors-by-name "й"
1548341589015:show-books
1548341599529:update-book-title 77 "test"
1548341613838:update-book-title 4 "ПРИКЛЮЧЕНИЯ НЕЗНАЙКИ"
1548341619977:show-books 4
1548341665168:show-comments
1548341673994:show-comment
1548341699832:show-comment-for-book 4
1548341725185:update-comment-book 4 2
1548341741993:show-comment-for-book 4
1548341744759:show-comment-for-book 2
1548341773640:update-comment-text 55 "b"
1548341791214:update-comment-text 4 ""
1548341806132:update-comment-text "CooL"
1548341823313:update-comment-text 4 "cool"
1548341836326:show-comment 4
1548341865257:find-books-by-name "з"
1548341884033:find-books-by-name "аЙ"
1548341906903:show-genres
1548341913276:update-book-genre 55 66
1548341920384:update-book-genre 1 55
1548341924008:update-book-genre 1 2
1548341959670:show-authors
1548341966699:del-author 4
1548341971980:show-authors
1549023984544:help
1549024010083:help add-book
1549024030100:help add-author
1549024050775:add-author "PUSKIN"
1549024058114:help
1549024087325:show-authors
1549024121798:add-genre "FAIRY TAILS"
1549024129788:show-genre
1549024135736:show-genres
1549024240537:add-genre "FAIRY TAILS"
1549024246362:show-genres
1549024351933:del-genre 5c543b79c68b620f94146fef
1549024370040:add-author "PUSKIN"
1549024375526:show-author
1549024382079:show-authors
1549024399681:del-author 5c543c72c68b622594a632b7
1549024406782:show-genres
1549024415972:shoe authors
1549024422304:show-genres
1549024429143:show-author
1549024439531:show-genres
1549024444975:show-authors
1549024479505:help add-book
1549024540947:add-book "GOLDEN FISH" 5c543bf0c68b622594a632b6 5c543b32c68b620f94146fee
1549024557689:help
1549024608670:help update-genre
1549024622072:show-genres
1549024642504:update-genre 5c543bf0c68b622594a632b6 SKAZOCHKI
1549024649672:show-books
1549024670723:help
1549024733916:update-author 5c543b32c68b620f94146fee "ALEKSANDR "
1549024742446:show-books
1549024782902:update-author 5c543b32c68b620f94146fee "ALEKSANDR NASHE VSE PUSHKIN"
1549024788769:show-books
1549024793042:help
1549024831972:show-books
1549024861191:add-comment 5c543d1cc68b622594a632b8 "YA PLAKAL"
1549024894393:show-comment-for-book 5c543d1cc68b622594a632b8
1549024919633:stacktrace
1549025109862:show-books
1549025125113:show-comments 5c543d1cc68b622594a632b8
1549025134425:show-comment 5c543d1cc68b622594a632b8
1549025174078:show-comment-for-book 5c543d1cc68b622594a632b8
1549025216490:add-comment 5c543d1cc68b622594a632b8 "ETO FEERICHESVAYA VESCH"
1549025229732:show-comment-for-book 5c543d1cc68b622594a632b8
1549025293766:add-comment 5c543d1cc68b622594a632b8 "THE BEST I EVER READ"
1549025306604:show-comment-for-book 5c543d1cc68b622594a632b8
1549025964221:help
1549025997224:add-author "PELEVIN"
1549026005625:show-authors
1549026035138:add-genre "humor"
1549026046995:show-genres
1549026289724:add-book "knizhka" 5c5442f3c68b621940c57ed2 5c5442cdc68b621940c57ed1
1549026357193:del-genre
1549026357202:5c5442f3c68b621940c57ed2;
1549026378289:del-genre 5c5442f3c68b621940c57ed2
1549026454591:del-author 5c5442cdc68b621940c57ed1
1549026471165:help
1549026508324:books-by-author-name pu
1549026614090:add-book "kapitanskaya dochka" 5c543bf0c68b622594a632b6 5c543b32c68b620f94146fee
1549026620483:help
1549026654843:books-by-author-id 5c543b32c68b620f94146fee
1549026805067:books-with-genre 5c543bf0c68b622594a632b6
1549026890816:show-comment-for-book 5c543d1cc68b622594a632b8
1549026915667:del-comment 1
1549026936119:del-comment 5c543d1cc68b622594a632b8 1
1549026945542:show-comment-for-book 5c543d1cc68b622594a632b8
1549026991690:exit
